[debug] [2024-12-25T03:23:54.600Z] ----------------------------------------------------------------------
[debug] [2024-12-25T03:23:54.602Z] Command:       /Users/ayobamiu/.nvm/versions/node/v20.14.0/bin/node /usr/local/bin/firebase functions:shell
[debug] [2024-12-25T03:23:54.602Z] CLI Version:   13.29.1
[debug] [2024-12-25T03:23:54.603Z] Platform:      darwin
[debug] [2024-12-25T03:23:54.603Z] Node Version:  v20.14.0
[debug] [2024-12-25T03:23:54.603Z] Time:          Tue Dec 24 2024 22:23:54 GMT-0500 (Eastern Standard Time)
[debug] [2024-12-25T03:23:54.603Z] ----------------------------------------------------------------------
[debug] 
[debug] [2024-12-25T03:23:54.644Z] > command requires scopes: ["email","openid","https://www.googleapis.com/auth/cloudplatformprojects.readonly","https://www.googleapis.com/auth/firebase","https://www.googleapis.com/auth/cloud-platform"]
[debug] [2024-12-25T03:23:54.644Z] > authorizing via signed-in user (thebroncochallenge@gmail.com)
[debug] [2024-12-25T03:23:54.644Z] [iam] checking project bronco-matching-tool for permissions ["firebase.projects.get"]
[debug] [2024-12-25T03:23:54.644Z] Checked if tokens are valid: true, expires at: 1735100388808
[debug] [2024-12-25T03:23:54.644Z] Checked if tokens are valid: true, expires at: 1735100388808
[debug] [2024-12-25T03:23:54.645Z] >>> [apiv2][query] POST https://cloudresourcemanager.googleapis.com/v1/projects/bronco-matching-tool:testIamPermissions [none]
[debug] [2024-12-25T03:23:54.645Z] >>> [apiv2][(partial)header] POST https://cloudresourcemanager.googleapis.com/v1/projects/bronco-matching-tool:testIamPermissions x-goog-quota-user=projects/bronco-matching-tool
[debug] [2024-12-25T03:23:54.645Z] >>> [apiv2][body] POST https://cloudresourcemanager.googleapis.com/v1/projects/bronco-matching-tool:testIamPermissions {"permissions":["firebase.projects.get"]}
[debug] [2024-12-25T03:23:54.881Z] <<< [apiv2][status] POST https://cloudresourcemanager.googleapis.com/v1/projects/bronco-matching-tool:testIamPermissions 200
[debug] [2024-12-25T03:23:54.881Z] <<< [apiv2][body] POST https://cloudresourcemanager.googleapis.com/v1/projects/bronco-matching-tool:testIamPermissions {"permissions":["firebase.projects.get"]}
[warn] ⚠  functions: Functions Emulator unable to start on port 5000, starting on 5001 instead. {"metadata":{"emulator":{"name":"functions"},"message":"Functions Emulator unable to start on port 5000, starting on 5001 instead."}}
[debug] [2024-12-25T03:23:55.118Z] [functions] Functions Emulator only supports listening on one address (127.0.0.1). Not listening on ::1
[debug] [2024-12-25T03:23:55.119Z] defaultcredentials: writing to file /Users/ayobamiu/.config/firebase/thebroncochallenge_gmail_com_application_default_credentials.json
[debug] [2024-12-25T03:23:55.120Z] DEBUG: Setting GAC to /Users/ayobamiu/.config/firebase/thebroncochallenge_gmail_com_application_default_credentials.json
[debug] [2024-12-25T03:23:55.121Z] Checked if tokens are valid: true, expires at: 1735100388808
[debug] [2024-12-25T03:23:55.121Z] Checked if tokens are valid: true, expires at: 1735100388808
[debug] [2024-12-25T03:23:55.121Z] >>> [apiv2][query] GET https://firebase.googleapis.com/v1beta1/projects/bronco-matching-tool/adminSdkConfig [none]
[debug] [2024-12-25T03:23:55.282Z] <<< [apiv2][status] GET https://firebase.googleapis.com/v1beta1/projects/bronco-matching-tool/adminSdkConfig 200
[debug] [2024-12-25T03:23:55.282Z] <<< [apiv2][body] GET https://firebase.googleapis.com/v1beta1/projects/bronco-matching-tool/adminSdkConfig {"projectId":"bronco-matching-tool","storageBucket":"bronco-matching-tool.firebasestorage.app"}
[debug] [2024-12-25T03:23:55.293Z] [functions] Watching "/Users/ayobamiu/Documents/Bronco Matching Tool /matching-tool/functions" for Cloud Functions...
[debug] [2024-12-25T03:23:55.297Z] Validating nodejs source
[debug] [2024-12-25T03:23:55.867Z] > [functions] package.json contents: {
  "name": "functions",
  "description": "Cloud Functions for Firebase",
  "scripts": {
    "serve": "firebase emulators:start --only functions",
    "shell": "firebase functions:shell",
    "start": "npm run shell",
    "deploy": "firebase deploy --only functions",
    "logs": "firebase functions:log"
  },
  "engines": {
    "node": "20"
  },
  "main": "index.js",
  "dependencies": {
    "base-64": "^1.0.0",
    "firebase-admin": "^12.6.0",
    "firebase-functions": "^6.0.1"
  },
  "devDependencies": {
    "firebase-functions-test": "^3.1.0"
  },
  "private": true
}
[debug] [2024-12-25T03:23:55.867Z] Building nodejs source
[debug] [2024-12-25T03:23:55.868Z] Failed to find version of module node: reached end of search path /Users/ayobamiu/Documents/Bronco Matching Tool /matching-tool/functions/node_modules
[info] ✔  functions: Using node@20 from host. 
[info] i  functions: Loaded environment variables from .env.local. 
[debug] [2024-12-25T03:23:55.870Z] Could not find functions.yaml. Must use http discovery
[debug] [2024-12-25T03:23:55.872Z] Found firebase-functions binary at '/Users/ayobamiu/Documents/Bronco Matching Tool /matching-tool/functions/node_modules/.bin/firebase-functions'
[info] Serving at port 8782

[debug] [2024-12-25T03:23:56.302Z] Got response from /__/functions.yaml {"endpoints":{"manageActivePosts":{"availableMemoryMb":null,"timeoutSeconds":null,"minInstances":null,"maxInstances":null,"ingressSettings":null,"concurrency":null,"serviceAccountEmail":null,"vpc":null,"platform":"gcfv2","labels":{},"httpsTrigger":{},"entryPoint":"manageActivePosts"}},"specVersion":"v1alpha1","requiredAPIs":[],"extensions":{}}
[debug] [2024-12-25T03:23:56.312Z] [functions] Loaded functions definitions from source: manageActivePosts.
[debug] [2024-12-25T03:23:56.313Z] [functions[us-central1-manageActivePosts]] http function initialized (http://127.0.0.1:5001/bronco-matching-tool/us-central1/manageActivePosts).
[info] i  functions: Loaded functions: manageActivePosts 
[warn] ⚠  functions: The following emulators are not running, calls to these services will affect production: firestore, database, pubsub, storage, eventarc, tasks 
[debug] [2024-12-25T03:24:32.554Z] DEBUG: File /Users/ayobamiu/Documents/Bronco Matching Tool /matching-tool/functions/index.js changed, reloading triggers
[debug] [2024-12-25T03:24:33.559Z] Validating nodejs source
[debug] [2024-12-25T03:24:34.127Z] > [functions] package.json contents: {
  "name": "functions",
  "description": "Cloud Functions for Firebase",
  "scripts": {
    "serve": "firebase emulators:start --only functions",
    "shell": "firebase functions:shell",
    "start": "npm run shell",
    "deploy": "firebase deploy --only functions",
    "logs": "firebase functions:log"
  },
  "engines": {
    "node": "20"
  },
  "main": "index.js",
  "dependencies": {
    "base-64": "^1.0.0",
    "firebase-admin": "^12.6.0",
    "firebase-functions": "^6.0.1"
  },
  "devDependencies": {
    "firebase-functions-test": "^3.1.0"
  },
  "private": true
}
[debug] [2024-12-25T03:24:34.127Z] Building nodejs source
[debug] [2024-12-25T03:24:34.127Z] Failed to find version of module node: reached end of search path /Users/ayobamiu/Documents/Bronco Matching Tool /matching-tool/functions/node_modules
[info] ✔  functions: Using node@20 from host. 
[info] i  functions: Loaded environment variables from .env.local. 
[debug] [2024-12-25T03:24:34.129Z] Could not find functions.yaml. Must use http discovery
[debug] [2024-12-25T03:24:34.130Z] Found firebase-functions binary at '/Users/ayobamiu/Documents/Bronco Matching Tool /matching-tool/functions/node_modules/.bin/firebase-functions'
[info] Serving at port 8722

[debug] [2024-12-25T03:24:34.488Z] Got response from /__/functions.yaml {"endpoints":{"manageActivePosts":{"availableMemoryMb":null,"timeoutSeconds":null,"minInstances":null,"maxInstances":null,"ingressSettings":null,"concurrency":null,"serviceAccountEmail":null,"vpc":null,"platform":"gcfv2","labels":{},"httpsTrigger":{},"entryPoint":"manageActivePosts"}},"specVersion":"v1alpha1","requiredAPIs":[],"extensions":{}}
[debug] [2024-12-25T03:24:34.496Z] [functions] Loaded functions definitions from source: manageActivePosts.
[debug] [2024-12-25T03:25:29.087Z] >>> [apiv2][query] GET http://127.0.0.1:5001/bronco-matching-tool/us-central1/manageActivePosts/ [none]
[debug] [2024-12-25T03:25:29.104Z] [work-queue] {"queuedWork":["/bronco-matching-tool/us-central1/manageActivePosts/-2024-12-25T03:25:29.104Z"],"queueLength":1,"runningWork":[],"workRunningCount":0}
[debug] [2024-12-25T03:25:29.104Z] [work-queue] {"queuedWork":[],"queueLength":0,"runningWork":["/bronco-matching-tool/us-central1/manageActivePosts/-2024-12-25T03:25:29.104Z"],"workRunningCount":1}
[debug] [2024-12-25T03:25:29.105Z] Accepted request GET /bronco-matching-tool/us-central1/manageActivePosts/ --> us-central1-manageActivePosts
[debug] [2024-12-25T03:25:29.119Z] DEBUG: [functions] Runtime ready! Sending request!
[debug] [2024-12-25T03:25:29.120Z] DEBUG: [functions] Got req.url=/bronco-matching-tool/us-central1/manageActivePosts/, mapping to path=/
[info] i  functions: Loaded environment variables from .env.local. 
[debug] [2024-12-25T03:25:29.127Z] DEBUG: [worker-pool] addWorker(us-central1-manageActivePosts)
[debug] [2024-12-25T03:25:29.128Z] DEBUG: [worker-pool] Adding worker with key us-central1-manageActivePosts, total=1
[debug] [2024-12-25T03:25:30.077Z] DEBUG: [runtime-status] [93311] Resolved module firebase-admin {"declared":true,"installed":true,"version":"12.7.0","resolution":"/Users/ayobamiu/Documents/Bronco Matching Tool /matching-tool/functions/node_modules/firebase-admin/lib/index.js"}
[debug] [2024-12-25T03:25:30.078Z] DEBUG: [runtime-status] [93311] Resolved module firebase-functions {"declared":true,"installed":true,"version":"6.2.0","resolution":"/Users/ayobamiu/Documents/Bronco Matching Tool /matching-tool/functions/node_modules/firebase-functions/lib/v2/index.js"}
[debug] [2024-12-25T03:25:30.078Z] DEBUG: [runtime-status] [93311] Outgoing network have been stubbed. [{"name":"http","status":"mocked"},{"name":"http","status":"mocked"},{"name":"https","status":"mocked"},{"name":"https","status":"mocked"},{"name":"net","status":"mocked"}]
[debug] [2024-12-25T03:25:30.078Z] DEBUG: [runtime-status] [93311] Resolved module firebase-functions {"declared":true,"installed":true,"version":"6.2.0","resolution":"/Users/ayobamiu/Documents/Bronco Matching Tool /matching-tool/functions/node_modules/firebase-functions/lib/v2/index.js"}
[debug] [2024-12-25T03:25:30.289Z] DEBUG: [runtime-status] [93311] Checked functions.config() {"config":{}}
[debug] [2024-12-25T03:25:30.289Z] DEBUG: [runtime-status] [93311] firebase-functions has been stubbed. {"functionsResolution":{"declared":true,"installed":true,"version":"6.2.0","resolution":"/Users/ayobamiu/Documents/Bronco Matching Tool /matching-tool/functions/node_modules/firebase-functions/lib/v2/index.js"}}
[debug] [2024-12-25T03:25:30.289Z] DEBUG: [runtime-status] [93311] Resolved module firebase-functions {"declared":true,"installed":true,"version":"6.2.0","resolution":"/Users/ayobamiu/Documents/Bronco Matching Tool /matching-tool/functions/node_modules/firebase-functions/lib/v2/index.js"}
[debug] [2024-12-25T03:25:30.291Z] DEBUG: [runtime-status] [93311] Resolved module firebase-admin {"declared":true,"installed":true,"version":"12.7.0","resolution":"/Users/ayobamiu/Documents/Bronco Matching Tool /matching-tool/functions/node_modules/firebase-admin/lib/index.js"}
[debug] [2024-12-25T03:25:30.292Z] DEBUG: [runtime-status] [93311] Resolved module firebase-functions {"declared":true,"installed":true,"version":"6.2.0","resolution":"/Users/ayobamiu/Documents/Bronco Matching Tool /matching-tool/functions/node_modules/firebase-functions/lib/v2/index.js"}
[debug] [2024-12-25T03:25:30.292Z] DEBUG: [runtime-status] [93311] firebase-admin has been stubbed. {"adminResolution":{"declared":true,"installed":true,"version":"12.7.0","resolution":"/Users/ayobamiu/Documents/Bronco Matching Tool /matching-tool/functions/node_modules/firebase-admin/lib/index.js"}}
[debug] [2024-12-25T03:25:30.294Z] DEBUG: [runtime-status] [93311] initializeApp(DEFAULT) {"storageBucket":"bronco-matching-tool.firebasestorage.app","projectId":"bronco-matching-tool"}
[warn] ⚠  functions: The Cloud Firestore emulator is not running, so calls to Firestore will affect production. {"metadata":{"emulator":{"name":"functions"},"function":{"name":"us-central1-manageActivePosts"},"extension":{},"message":"The Cloud Firestore emulator is not running, so calls to Firestore will affect production."}}
[debug] [2024-12-25T03:25:30.298Z] DEBUG: [runtime-status] [93311] Functions runtime initialized. {"cwd":"/Users/ayobamiu/Documents/Bronco Matching Tool /matching-tool/functions","node_version":"20.14.0"}
[debug] [2024-12-25T03:25:30.299Z] DEBUG: [runtime-status] [93311] Listening to port: /var/folders/90/9m5v8q556yxdd0zy0f_5ng7m0000gn/T/fire_emu_480b97eabd1d02bc.sock
[debug] [2024-12-25T03:25:30.352Z] DEBUG: [worker-us-central1-manageActivePosts-1cd24777-a126-4b83-9c45-8b326df2201e]: IDLE
[debug] [2024-12-25T03:25:30.352Z] DEBUG: [worker-pool] submitRequest(triggerId=us-central1-manageActivePosts)
[debug] [2024-12-25T03:25:30.352Z] [functions] Beginning execution of "us-central1-manageActivePosts"
[debug] [2024-12-25T03:25:30.352Z] DEBUG: [worker-us-central1-manageActivePosts-1cd24777-a126-4b83-9c45-8b326df2201e]: BUSY
[info] >  {"structuredData":true,"severity":"INFO","message":"Hello logs!"} {"user":{"structuredData":true,"severity":"INFO","message":"Hello logs!"},"metadata":{"emulator":{"name":"functions"},"function":{"name":"us-central1-manageActivePosts"},"extension":{},"message":"\u001b[90m> \u001b[39m {\"structuredData\":true,\"severity\":\"INFO\",\"message\":\"Hello logs!\"}"}}
[warn] ⚠  Google API requested!
   - URL: "https://oauth2.googleapis.com/token"
   - Be careful, this may be a production service. {"metadata":{"emulator":{"name":"functions"},"function":{"name":"us-central1-manageActivePosts"},"extension":{},"message":"Google API requested!\n   - URL: \"https://oauth2.googleapis.com/token\"\n   - Be careful, this may be a production service."}}
[debug] [2024-12-25T03:25:47.572Z] DEBUG: File /Users/ayobamiu/Documents/Bronco Matching Tool /matching-tool/functions/index.js changed, reloading triggers
[debug] [2024-12-25T03:25:48.582Z] Validating nodejs source
[debug] [2024-12-25T03:25:49.784Z] > [functions] package.json contents: {
  "name": "functions",
  "description": "Cloud Functions for Firebase",
  "scripts": {
    "serve": "firebase emulators:start --only functions",
    "shell": "firebase functions:shell",
    "start": "npm run shell",
    "deploy": "firebase deploy --only functions",
    "logs": "firebase functions:log"
  },
  "engines": {
    "node": "20"
  },
  "main": "index.js",
  "dependencies": {
    "base-64": "^1.0.0",
    "firebase-admin": "^12.6.0",
    "firebase-functions": "^6.0.1"
  },
  "devDependencies": {
    "firebase-functions-test": "^3.1.0"
  },
  "private": true
}
[debug] [2024-12-25T03:25:49.784Z] Building nodejs source
[debug] [2024-12-25T03:25:49.785Z] Failed to find version of module node: reached end of search path /Users/ayobamiu/Documents/Bronco Matching Tool /matching-tool/functions/node_modules
[info] ✔  functions: Using node@20 from host. 
[debug] [2024-12-25T03:25:49.785Z] Could not find functions.yaml. Must use http discovery
[debug] [2024-12-25T03:25:49.786Z] Found firebase-functions binary at '/Users/ayobamiu/Documents/Bronco Matching Tool /matching-tool/functions/node_modules/.bin/firebase-functions'
[info] Serving at port 8659

[debug] [2024-12-25T03:25:50.149Z] Got response from /__/functions.yaml {"endpoints":{"manageActivePosts":{"availableMemoryMb":null,"timeoutSeconds":null,"minInstances":null,"maxInstances":null,"ingressSettings":null,"concurrency":null,"serviceAccountEmail":null,"vpc":null,"platform":"gcfv2","labels":{},"httpsTrigger":{},"entryPoint":"manageActivePosts"}},"specVersion":"v1alpha1","requiredAPIs":[],"extensions":{}}
[debug] [2024-12-25T03:25:50.157Z] [functions] Loaded functions definitions from source: manageActivePosts.
[debug] [2024-12-25T03:25:50.157Z] DEBUG: [worker-pool] Marking BUSY worker to finish (us-central1-manageActivePosts)
[debug] [2024-12-25T03:25:50.157Z] DEBUG: [worker-us-central1-manageActivePosts-1cd24777-a126-4b83-9c45-8b326df2201e]: FINISHING
[error] i  Your function timed out after ~60s. To configure this timeout, see
      https://firebase.google.com/docs/functions/manage-functions#set_timeout_and_memory_allocation. {"metadata":{"emulator":{"name":"functions"},"function":{"name":"us-central1-manageActivePosts"},"extension":{},"message":"Your function timed out after ~60s. To configure this timeout, see\n      https://firebase.google.com/docs/functions/manage-functions#set_timeout_and_memory_allocation."}}
[error] i  Request to function failed: Error: socket hang up {"metadata":{"emulator":{"name":"functions"},"function":{"name":"us-central1-manageActivePosts"},"extension":{},"message":"Request to function failed: Error: socket hang up"}}
[debug] [2024-12-25T03:26:30.363Z] [work-queue] {"queuedWork":[],"queueLength":0,"runningWork":[],"workRunningCount":0}
[debug] [2024-12-25T03:26:30.367Z] <<< [apiv2][status] GET http://127.0.0.1:5001/bronco-matching-tool/us-central1/manageActivePosts/ 500
[debug] [2024-12-25T03:26:30.367Z] <<< [apiv2][body] GET http://127.0.0.1:5001/bronco-matching-tool/us-central1/manageActivePosts/ {"code":"ECONNRESET"}
[debug] [2024-12-25T03:26:30.372Z] DEBUG: [worker-us-central1-manageActivePosts-1cd24777-a126-4b83-9c45-8b326df2201e]: exited
[debug] [2024-12-25T03:26:30.372Z] DEBUG: [worker-us-central1-manageActivePosts-1cd24777-a126-4b83-9c45-8b326df2201e]: FINISHED
[debug] [2024-12-25T03:28:54.888Z] DEBUG: File /Users/ayobamiu/Documents/Bronco Matching Tool /matching-tool/functions/index.js changed, reloading triggers
[debug] [2024-12-25T03:28:55.904Z] Validating nodejs source
[debug] [2024-12-25T03:28:56.776Z] > [functions] package.json contents: {
  "name": "functions",
  "description": "Cloud Functions for Firebase",
  "scripts": {
    "serve": "firebase emulators:start --only functions",
    "shell": "firebase functions:shell",
    "start": "npm run shell",
    "deploy": "firebase deploy --only functions",
    "logs": "firebase functions:log"
  },
  "engines": {
    "node": "20"
  },
  "main": "index.js",
  "dependencies": {
    "base-64": "^1.0.0",
    "firebase-admin": "^12.6.0",
    "firebase-functions": "^6.0.1"
  },
  "devDependencies": {
    "firebase-functions-test": "^3.1.0"
  },
  "private": true
}
[debug] [2024-12-25T03:28:56.776Z] Building nodejs source
[debug] [2024-12-25T03:28:56.776Z] Failed to find version of module node: reached end of search path /Users/ayobamiu/Documents/Bronco Matching Tool /matching-tool/functions/node_modules
[info] ✔  functions: Using node@20 from host. 
[debug] [2024-12-25T03:28:56.777Z] Could not find functions.yaml. Must use http discovery
[debug] [2024-12-25T03:28:56.778Z] Found firebase-functions binary at '/Users/ayobamiu/Documents/Bronco Matching Tool /matching-tool/functions/node_modules/.bin/firebase-functions'
[info] Serving at port 8816

[debug] [2024-12-25T03:28:57.201Z] Got response from /__/functions.yaml {"endpoints":{"manageActivePosts":{"availableMemoryMb":null,"timeoutSeconds":null,"minInstances":null,"maxInstances":null,"ingressSettings":null,"concurrency":null,"serviceAccountEmail":null,"vpc":null,"platform":"gcfv2","labels":{},"httpsTrigger":{},"entryPoint":"manageActivePosts"}},"specVersion":"v1alpha1","requiredAPIs":[],"extensions":{}}
[debug] [2024-12-25T03:28:57.210Z] [functions] Loaded functions definitions from source: manageActivePosts.
[debug] [2024-12-25T03:32:57.105Z] DEBUG: File /Users/ayobamiu/Documents/Bronco Matching Tool /matching-tool/functions/index.js changed, reloading triggers
[debug] [2024-12-25T03:32:58.117Z] Validating nodejs source
[debug] [2024-12-25T03:32:59.363Z] > [functions] package.json contents: {
  "name": "functions",
  "description": "Cloud Functions for Firebase",
  "scripts": {
    "serve": "firebase emulators:start --only functions",
    "shell": "firebase functions:shell",
    "start": "npm run shell",
    "deploy": "firebase deploy --only functions",
    "logs": "firebase functions:log"
  },
  "engines": {
    "node": "20"
  },
  "main": "index.js",
  "dependencies": {
    "base-64": "^1.0.0",
    "firebase-admin": "^12.6.0",
    "firebase-functions": "^6.0.1"
  },
  "devDependencies": {
    "firebase-functions-test": "^3.1.0"
  },
  "private": true
}
[debug] [2024-12-25T03:32:59.363Z] Building nodejs source
[debug] [2024-12-25T03:32:59.363Z] Failed to find version of module node: reached end of search path /Users/ayobamiu/Documents/Bronco Matching Tool /matching-tool/functions/node_modules
[info] ✔  functions: Using node@20 from host. 
[debug] [2024-12-25T03:32:59.364Z] Could not find functions.yaml. Must use http discovery
[debug] [2024-12-25T03:32:59.365Z] Found firebase-functions binary at '/Users/ayobamiu/Documents/Bronco Matching Tool /matching-tool/functions/node_modules/.bin/firebase-functions'
[info] Serving at port 8200

[debug] [2024-12-25T03:32:59.740Z] Got response from /__/functions.yaml {"endpoints":{"manageActivePosts":{"availableMemoryMb":null,"timeoutSeconds":null,"minInstances":null,"maxInstances":null,"ingressSettings":null,"concurrency":null,"serviceAccountEmail":null,"vpc":null,"platform":"gcfv2","labels":{},"httpsTrigger":{},"entryPoint":"manageActivePosts"}},"specVersion":"v1alpha1","requiredAPIs":[],"extensions":{}}
[debug] [2024-12-25T03:32:59.749Z] [functions] Loaded functions definitions from source: manageActivePosts.
[debug] [2024-12-25T03:33:07.768Z] DEBUG: File /Users/ayobamiu/Documents/Bronco Matching Tool /matching-tool/functions/index.js changed, reloading triggers
[debug] [2024-12-25T03:33:08.771Z] Validating nodejs source
[debug] [2024-12-25T03:33:09.313Z] > [functions] package.json contents: {
  "name": "functions",
  "description": "Cloud Functions for Firebase",
  "scripts": {
    "serve": "firebase emulators:start --only functions",
    "shell": "firebase functions:shell",
    "start": "npm run shell",
    "deploy": "firebase deploy --only functions",
    "logs": "firebase functions:log"
  },
  "engines": {
    "node": "20"
  },
  "main": "index.js",
  "dependencies": {
    "base-64": "^1.0.0",
    "firebase-admin": "^12.6.0",
    "firebase-functions": "^6.0.1"
  },
  "devDependencies": {
    "firebase-functions-test": "^3.1.0"
  },
  "private": true
}
[debug] [2024-12-25T03:33:09.313Z] Building nodejs source
[debug] [2024-12-25T03:33:09.313Z] Failed to find version of module node: reached end of search path /Users/ayobamiu/Documents/Bronco Matching Tool /matching-tool/functions/node_modules
[info] ✔  functions: Using node@20 from host. 
[debug] [2024-12-25T03:33:09.313Z] Could not find functions.yaml. Must use http discovery
[debug] [2024-12-25T03:33:09.314Z] Found firebase-functions binary at '/Users/ayobamiu/Documents/Bronco Matching Tool /matching-tool/functions/node_modules/.bin/firebase-functions'
[info] Serving at port 8064

[debug] [2024-12-25T03:33:09.646Z] Got response from /__/functions.yaml {"endpoints":{"manageActivePosts":{"availableMemoryMb":null,"timeoutSeconds":null,"minInstances":null,"maxInstances":null,"ingressSettings":null,"concurrency":null,"serviceAccountEmail":null,"vpc":null,"platform":"gcfv2","labels":{},"httpsTrigger":{},"entryPoint":"manageActivePosts"}},"specVersion":"v1alpha1","requiredAPIs":[],"extensions":{}}
[debug] [2024-12-25T03:33:09.654Z] [functions] Loaded functions definitions from source: manageActivePosts.
[debug] [2024-12-25T03:36:48.838Z] DEBUG: File /Users/ayobamiu/Documents/Bronco Matching Tool /matching-tool/functions/index.js changed, reloading triggers
[debug] [2024-12-25T03:36:49.851Z] Validating nodejs source
[debug] [2024-12-25T03:36:51.234Z] > [functions] package.json contents: {
  "name": "functions",
  "description": "Cloud Functions for Firebase",
  "scripts": {
    "serve": "firebase emulators:start --only functions",
    "shell": "firebase functions:shell",
    "start": "npm run shell",
    "deploy": "firebase deploy --only functions",
    "logs": "firebase functions:log"
  },
  "engines": {
    "node": "20"
  },
  "main": "index.js",
  "dependencies": {
    "base-64": "^1.0.0",
    "firebase-admin": "^12.6.0",
    "firebase-functions": "^6.0.1"
  },
  "devDependencies": {
    "firebase-functions-test": "^3.1.0"
  },
  "private": true
}
[debug] [2024-12-25T03:36:51.234Z] Building nodejs source
[debug] [2024-12-25T03:36:51.235Z] Failed to find version of module node: reached end of search path /Users/ayobamiu/Documents/Bronco Matching Tool /matching-tool/functions/node_modules
[info] ✔  functions: Using node@20 from host. 
[debug] [2024-12-25T03:36:51.237Z] Could not find functions.yaml. Must use http discovery
[debug] [2024-12-25T03:36:51.237Z] Found firebase-functions binary at '/Users/ayobamiu/Documents/Bronco Matching Tool /matching-tool/functions/node_modules/.bin/firebase-functions'
[info] Serving at port 8338

[error] ReferenceError: functions is not defined
    at Object.<anonymous> (/Users/ayobamiu/Documents/Bronco Matching Tool /matching-tool/functions/index.js:66:29)
    at Module._compile (node:internal/modules/cjs/loader:1358:14)
    at Module._extensions..js (node:internal/modules/cjs/loader:1416:10)
    at Module.load (node:internal/modules/cjs/loader:1208:32)
    at Module._load (node:internal/modules/cjs/loader:1024:12)
    at Module.require (node:internal/modules/cjs/loader:1233:19)
    at require (node:internal/modules/helpers:179:18)
    at loadModule (/Users/ayobamiu/Documents/Bronco Matching Tool /matching-tool/functions/node_modules/firebase-functions/lib/runtime/loader.js:40:16)
    at loadStack (/Users/ayobamiu/Documents/Bronco Matching Tool /matching-tool/functions/node_modules/firebase-functions/lib/runtime/loader.js:157:23)
    at /Users/ayobamiu/Documents/Bronco Matching Tool /matching-tool/functions/node_modules/firebase-functions/lib/bin/firebase-functions.js:56:56

[debug] [2024-12-25T03:36:51.625Z] Got response code 400; body Failed to generate manifest from function source: ReferenceError: functions is not defined
[error] ⬢  functions: Failed to load function definition from source: FirebaseError: Functions codebase could not be analyzed successfully. It may have a syntax or runtime error {"metadata":{"emulator":{"name":"functions"},"message":"Failed to load function definition from source: FirebaseError: Functions codebase could not be analyzed successfully. It may have a syntax or runtime error"}}
[debug] [2024-12-25T03:36:53.988Z] DEBUG: File /Users/ayobamiu/Documents/Bronco Matching Tool /matching-tool/functions/index.js changed, reloading triggers
[debug] [2024-12-25T03:36:54.992Z] Validating nodejs source
[debug] [2024-12-25T03:36:55.505Z] > [functions] package.json contents: {
  "name": "functions",
  "description": "Cloud Functions for Firebase",
  "scripts": {
    "serve": "firebase emulators:start --only functions",
    "shell": "firebase functions:shell",
    "start": "npm run shell",
    "deploy": "firebase deploy --only functions",
    "logs": "firebase functions:log"
  },
  "engines": {
    "node": "20"
  },
  "main": "index.js",
  "dependencies": {
    "base-64": "^1.0.0",
    "firebase-admin": "^12.6.0",
    "firebase-functions": "^6.0.1"
  },
  "devDependencies": {
    "firebase-functions-test": "^3.1.0"
  },
  "private": true
}
[debug] [2024-12-25T03:36:55.505Z] Building nodejs source
[debug] [2024-12-25T03:36:55.505Z] Failed to find version of module node: reached end of search path /Users/ayobamiu/Documents/Bronco Matching Tool /matching-tool/functions/node_modules
[info] ✔  functions: Using node@20 from host. 
[debug] [2024-12-25T03:36:55.507Z] Could not find functions.yaml. Must use http discovery
[debug] [2024-12-25T03:36:55.507Z] Found firebase-functions binary at '/Users/ayobamiu/Documents/Bronco Matching Tool /matching-tool/functions/node_modules/.bin/firebase-functions'
[info] Serving at port 8072

[error] ReferenceError: functions is not defined
    at Object.<anonymous> (/Users/ayobamiu/Documents/Bronco Matching Tool /matching-tool/functions/index.js:66:29)
    at Module._compile (node:internal/modules/cjs/loader:1358:14)
    at Module._extensions..js (node:internal/modules/cjs/loader:1416:10)
    at Module.load (node:internal/modules/cjs/loader:1208:32)
    at Module._load (node:internal/modules/cjs/loader:1024:12)
    at Module.require (node:internal/modules/cjs/loader:1233:19)
    at require (node:internal/modules/helpers:179:18)
    at loadModule (/Users/ayobamiu/Documents/Bronco Matching Tool /matching-tool/functions/node_modules/firebase-functions/lib/runtime/loader.js:40:16)
    at loadStack (/Users/ayobamiu/Documents/Bronco Matching Tool /matching-tool/functions/node_modules/firebase-functions/lib/runtime/loader.js:157:23)
    at /Users/ayobamiu/Documents/Bronco Matching Tool /matching-tool/functions/node_modules/firebase-functions/lib/bin/firebase-functions.js:56:56

[debug] [2024-12-25T03:36:55.706Z] Got response code 400; body Failed to generate manifest from function source: ReferenceError: functions is not defined
[error] ⬢  functions: Failed to load function definition from source: FirebaseError: Functions codebase could not be analyzed successfully. It may have a syntax or runtime error {"metadata":{"emulator":{"name":"functions"},"message":"Failed to load function definition from source: FirebaseError: Functions codebase could not be analyzed successfully. It may have a syntax or runtime error"}}
[debug] [2024-12-25T03:37:03.313Z] DEBUG: File /Users/ayobamiu/Documents/Bronco Matching Tool /matching-tool/functions/index.js changed, reloading triggers
[debug] [2024-12-25T03:37:04.316Z] Validating nodejs source
[debug] [2024-12-25T03:37:04.910Z] > [functions] package.json contents: {
  "name": "functions",
  "description": "Cloud Functions for Firebase",
  "scripts": {
    "serve": "firebase emulators:start --only functions",
    "shell": "firebase functions:shell",
    "start": "npm run shell",
    "deploy": "firebase deploy --only functions",
    "logs": "firebase functions:log"
  },
  "engines": {
    "node": "20"
  },
  "main": "index.js",
  "dependencies": {
    "base-64": "^1.0.0",
    "firebase-admin": "^12.6.0",
    "firebase-functions": "^6.0.1"
  },
  "devDependencies": {
    "firebase-functions-test": "^3.1.0"
  },
  "private": true
}
[debug] [2024-12-25T03:37:04.910Z] Building nodejs source
[debug] [2024-12-25T03:37:04.910Z] Failed to find version of module node: reached end of search path /Users/ayobamiu/Documents/Bronco Matching Tool /matching-tool/functions/node_modules
[info] ✔  functions: Using node@20 from host. 
[debug] [2024-12-25T03:37:04.911Z] Could not find functions.yaml. Must use http discovery
[debug] [2024-12-25T03:37:04.911Z] Found firebase-functions binary at '/Users/ayobamiu/Documents/Bronco Matching Tool /matching-tool/functions/node_modules/.bin/firebase-functions'
[info] Serving at port 8902

[error] ReferenceError: functions is not defined
    at Object.<anonymous> (/Users/ayobamiu/Documents/Bronco Matching Tool /matching-tool/functions/index.js:65:29)
    at Module._compile (node:internal/modules/cjs/loader:1358:14)
    at Module._extensions..js (node:internal/modules/cjs/loader:1416:10)
    at Module.load (node:internal/modules/cjs/loader:1208:32)
    at Module._load (node:internal/modules/cjs/loader:1024:12)
    at Module.require (node:internal/modules/cjs/loader:1233:19)
    at require (node:internal/modules/helpers:179:18)
    at loadModule (/Users/ayobamiu/Documents/Bronco Matching Tool /matching-tool/functions/node_modules/firebase-functions/lib/runtime/loader.js:40:16)
    at loadStack (/Users/ayobamiu/Documents/Bronco Matching Tool /matching-tool/functions/node_modules/firebase-functions/lib/runtime/loader.js:157:23)
    at /Users/ayobamiu/Documents/Bronco Matching Tool /matching-tool/functions/node_modules/firebase-functions/lib/bin/firebase-functions.js:56:56

[debug] [2024-12-25T03:37:05.278Z] Got response code 400; body Failed to generate manifest from function source: ReferenceError: functions is not defined
[error] ⬢  functions: Failed to load function definition from source: FirebaseError: Functions codebase could not be analyzed successfully. It may have a syntax or runtime error {"metadata":{"emulator":{"name":"functions"},"message":"Failed to load function definition from source: FirebaseError: Functions codebase could not be analyzed successfully. It may have a syntax or runtime error"}}
[debug] [2024-12-25T03:37:14.966Z] DEBUG: File /Users/ayobamiu/Documents/Bronco Matching Tool /matching-tool/functions/index.js changed, reloading triggers
[debug] [2024-12-25T03:37:15.968Z] Validating nodejs source
[debug] [2024-12-25T03:37:17.016Z] > [functions] package.json contents: {
  "name": "functions",
  "description": "Cloud Functions for Firebase",
  "scripts": {
    "serve": "firebase emulators:start --only functions",
    "shell": "firebase functions:shell",
    "start": "npm run shell",
    "deploy": "firebase deploy --only functions",
    "logs": "firebase functions:log"
  },
  "engines": {
    "node": "20"
  },
  "main": "index.js",
  "dependencies": {
    "base-64": "^1.0.0",
    "firebase-admin": "^12.6.0",
    "firebase-functions": "^6.0.1"
  },
  "devDependencies": {
    "firebase-functions-test": "^3.1.0"
  },
  "private": true
}
[debug] [2024-12-25T03:37:17.016Z] Building nodejs source
[debug] [2024-12-25T03:37:17.017Z] Failed to find version of module node: reached end of search path /Users/ayobamiu/Documents/Bronco Matching Tool /matching-tool/functions/node_modules
[info] ✔  functions: Using node@20 from host. 
[debug] [2024-12-25T03:37:17.017Z] Could not find functions.yaml. Must use http discovery
[debug] [2024-12-25T03:37:17.018Z] Found firebase-functions binary at '/Users/ayobamiu/Documents/Bronco Matching Tool /matching-tool/functions/node_modules/.bin/firebase-functions'
[info] Serving at port 8472

[error] ReferenceError: functions is not defined
    at Object.<anonymous> (/Users/ayobamiu/Documents/Bronco Matching Tool /matching-tool/functions/index.js:65:29)
    at Module._compile (node:internal/modules/cjs/loader:1358:14)
    at Module._extensions..js (node:internal/modules/cjs/loader:1416:10)
    at Module.load (node:internal/modules/cjs/loader:1208:32)
    at Module._load (node:internal/modules/cjs/loader:1024:12)
    at Module.require (node:internal/modules/cjs/loader:1233:19)
    at require (node:internal/modules/helpers:179:18)
    at loadModule (/Users/ayobamiu/Documents/Bronco Matching Tool /matching-tool/functions/node_modules/firebase-functions/lib/runtime/loader.js:40:16)
    at loadStack (/Users/ayobamiu/Documents/Bronco Matching Tool /matching-tool/functions/node_modules/firebase-functions/lib/runtime/loader.js:157:23)
    at /Users/ayobamiu/Documents/Bronco Matching Tool /matching-tool/functions/node_modules/firebase-functions/lib/bin/firebase-functions.js:56:56

[debug] [2024-12-25T03:37:17.373Z] Got response code 400; body Failed to generate manifest from function source: ReferenceError: functions is not defined
[error] ⬢  functions: Failed to load function definition from source: FirebaseError: Functions codebase could not be analyzed successfully. It may have a syntax or runtime error {"metadata":{"emulator":{"name":"functions"},"message":"Failed to load function definition from source: FirebaseError: Functions codebase could not be analyzed successfully. It may have a syntax or runtime error"}}
[debug] [2024-12-25T03:37:29.953Z] DEBUG: File /Users/ayobamiu/Documents/Bronco Matching Tool /matching-tool/functions/index.js changed, reloading triggers
[debug] [2024-12-25T03:37:30.957Z] Validating nodejs source
[debug] [2024-12-25T03:37:31.542Z] > [functions] package.json contents: {
  "name": "functions",
  "description": "Cloud Functions for Firebase",
  "scripts": {
    "serve": "firebase emulators:start --only functions",
    "shell": "firebase functions:shell",
    "start": "npm run shell",
    "deploy": "firebase deploy --only functions",
    "logs": "firebase functions:log"
  },
  "engines": {
    "node": "20"
  },
  "main": "index.js",
  "dependencies": {
    "base-64": "^1.0.0",
    "firebase-admin": "^12.6.0",
    "firebase-functions": "^6.0.1"
  },
  "devDependencies": {
    "firebase-functions-test": "^3.1.0"
  },
  "private": true
}
[debug] [2024-12-25T03:37:31.542Z] Building nodejs source
[debug] [2024-12-25T03:37:31.542Z] Failed to find version of module node: reached end of search path /Users/ayobamiu/Documents/Bronco Matching Tool /matching-tool/functions/node_modules
[info] ✔  functions: Using node@20 from host. 
[debug] [2024-12-25T03:37:31.543Z] Could not find functions.yaml. Must use http discovery
[debug] [2024-12-25T03:37:31.544Z] Found firebase-functions binary at '/Users/ayobamiu/Documents/Bronco Matching Tool /matching-tool/functions/node_modules/.bin/firebase-functions'
[info] Serving at port 8008

[error] ReferenceError: functions is not defined
    at Object.<anonymous> (/Users/ayobamiu/Documents/Bronco Matching Tool /matching-tool/functions/index.js:60:29)
    at Module._compile (node:internal/modules/cjs/loader:1358:14)
    at Module._extensions..js (node:internal/modules/cjs/loader:1416:10)
    at Module.load (node:internal/modules/cjs/loader:1208:32)
    at Module._load (node:internal/modules/cjs/loader:1024:12)
    at Module.require (node:internal/modules/cjs/loader:1233:19)
    at require (node:internal/modules/helpers:179:18)
    at loadModule (/Users/ayobamiu/Documents/Bronco Matching Tool /matching-tool/functions/node_modules/firebase-functions/lib/runtime/loader.js:40:16)
    at loadStack (/Users/ayobamiu/Documents/Bronco Matching Tool /matching-tool/functions/node_modules/firebase-functions/lib/runtime/loader.js:157:23)
    at /Users/ayobamiu/Documents/Bronco Matching Tool /matching-tool/functions/node_modules/firebase-functions/lib/bin/firebase-functions.js:56:56

[debug] [2024-12-25T03:37:31.881Z] Got response code 400; body Failed to generate manifest from function source: ReferenceError: functions is not defined
[error] ⬢  functions: Failed to load function definition from source: FirebaseError: Functions codebase could not be analyzed successfully. It may have a syntax or runtime error {"metadata":{"emulator":{"name":"functions"},"message":"Failed to load function definition from source: FirebaseError: Functions codebase could not be analyzed successfully. It may have a syntax or runtime error"}}
